<?xml version="1.0" encoding="UTF-8"?>
<!-- Generated by org.testng.reporters.JUnitXMLReporter -->
<testsuite ignored="0" hostname="Atish" failures="5" tests="9" name="Test" time="11.675" errors="0" timestamp="2024-08-15T00:58:19 IST">
  <testcase classname="api.test.Pet_Test" name="createpetentry" time="0.02">
    <failure type="java.lang.Error" message="Unresolved compilation problem: 
">
      <![CDATA[java.lang.Error: Unresolved compilation problem: 

at api.payloads.Pet.petdata(Pet.java:15)
at api.test.Pet_Test.createpetentry(Pet_Test.java:28)
at java.base/java.util.ArrayList.forEach(ArrayList.java:1511)
... Removed 27 stack frames]]>
    </failure>
  </testcase> <!-- createpetentry -->
  <testcase classname="api.test.Pet_Test" name="retrieve_pet_details" time="2.685">
    <failure type="java.lang.AssertionError" message="expected [200] but found [404]">
      <![CDATA[java.lang.AssertionError: expected [200] but found [404]
at api.test.Pet_Test.retrieve_pet_details(Pet_Test.java:43)
at java.base/java.util.ArrayList.forEach(ArrayList.java:1511)
... Removed 34 stack frames]]>
    </failure>
  </testcase> <!-- retrieve_pet_details -->
  <testcase classname="api.test.Pet_Test" name="update_pet_details" time="0.002">
    <failure type="java.lang.Error" message="Unresolved compilation problems: 
	DocumentBuilderFactory cannot be resolved to a type
	DocumentBuilderFactory cannot be resolved
	DocumentBuilder cannot be resolved to a type
	Document cannot be resolved to a type
	InputSource cannot be resolved to a type
	Element cannot be resolved to a type
	Element cannot be resolved to a type
	Element cannot be resolved to a type
	Element cannot be resolved to a type
	Element cannot be resolved to a type
	Element cannot be resolved to a type
	TransformerFactory cannot be resolved to a type
	TransformerFactory cannot be resolved
	Transformer cannot be resolved to a type
	DOMSource cannot be resolved to a type
	DOMSource cannot be resolved to a type
	StreamResult cannot be resolved to a type
	StreamResult cannot be resolved to a type
">
      <![CDATA[java.lang.Error: Unresolved compilation problems: 
DocumentBuilderFactory cannot be resolved to a type
DocumentBuilderFactory cannot be resolved
DocumentBuilder cannot be resolved to a type
Document cannot be resolved to a type
InputSource cannot be resolved to a type
Element cannot be resolved to a type
Element cannot be resolved to a type
Element cannot be resolved to a type
Element cannot be resolved to a type
Element cannot be resolved to a type
Element cannot be resolved to a type
TransformerFactory cannot be resolved to a type
TransformerFactory cannot be resolved
Transformer cannot be resolved to a type
DOMSource cannot be resolved to a type
DOMSource cannot be resolved to a type
StreamResult cannot be resolved to a type
StreamResult cannot be resolved to a type

at api.payloads.Pet.updatepet(Pet.java:27)
at api.test.Pet_Test.update_pet_details(Pet_Test.java:51)
at java.base/java.util.ArrayList.forEach(ArrayList.java:1511)
... Removed 27 stack frames]]>
    </failure>
  </testcase> <!-- update_pet_details -->
  <testcase classname="api.test.Pet_Test" name="retrieve_pet_details_after_update" time="1.067">
    <failure type="java.lang.AssertionError" message="expected [200] but found [404]">
      <![CDATA[java.lang.AssertionError: expected [200] but found [404]
at api.test.Pet_Test.retrieve_pet_details_after_update(Pet_Test.java:62)
at java.base/java.util.ArrayList.forEach(ArrayList.java:1511)
... Removed 34 stack frames]]>
    </failure>
  </testcase> <!-- retrieve_pet_details_after_update -->
  <testcase classname="api.test.Pet_Test" name="delete_pet_details" time="1.102">
    <failure type="java.lang.AssertionError" message="expected [200] but found [404]">
      <![CDATA[java.lang.AssertionError: expected [200] but found [404]
at api.test.Pet_Test.delete_pet_details(Pet_Test.java:72)
at java.base/java.util.ArrayList.forEach(ArrayList.java:1511)
... Removed 34 stack frames]]>
    </failure>
  </testcase> <!-- delete_pet_details -->
  <testcase classname="api.test.User_Tests" name="testposuser" time="1.479"/>
  <testcase classname="api.test.User_Tests" name="testgetuserbyName" time="1.057"/>
  <testcase classname="api.test.User_Tests" name="testupdateUserByName" time="2.026"/>
  <testcase classname="api.test.User_Tests" name="testdeleteuserByName" time="1.045"/>
</testsuite> <!-- Test -->
